<?xml version="1.0" encoding="UTF-8"?>
<testsuite name="hashtable.AppTest" tests="1" skipped="0" failures="0" errors="0" timestamp="2021-09-07T11:34:14" hostname="AYAH" time="0.05">
  <properties/>
  <testcase name="hashtableBuilderTester()" classname="hashtable.AppTest" time="0.05"/>
  <system-out><![CDATA[]]></system-out>
  <system-err><![CDATA[]]></system-err>
</testsuite>
